[2025-08-21 10:14:59,592] [INFO] [B5패턴분석시작] [2022년원장] [기존코드재사용]
[2025-08-21 10:14:59,593] [INFO] [원장추출엔진초기화] [파일매핑완료] [계정분류설정완료]
[2025-08-21 10:14:59,593] [INFO] [원장추출엔진초기화] [기존Script폴더코드활용]
[2025-08-21 10:14:59,734] [INFO] [원장파일로드] [파일_C:/K04_cashflow_1/Ledgers/2022년_계정별원장_회계감사반영분_인게니움_null처리완료.xlsx]
[2025-08-21 10:14:59,735] [INFO] [분석대상계정] [총_9개] ['10300', '10500', '11600', '12000', '13100', '80200', '81300', '81600', '81700']
[2025-08-21 10:14:59,746] [INFO] [계정분석시작] [코드_10300] [명_보통예금]
[2025-08-21 10:14:59,775] [INFO] [계정분석완료] [코드_10300] [B5_전기이월] [G5_371554641] [상태_✅정확일치]
[2025-08-21 10:14:59,775] [INFO] [B열내용] [계정_10300] B1:Unnamed: 1; B4:적    요    란; B5:전기이월; B6:전산기기구매; B7:전산기기구매
[2025-08-21 10:14:59,775] [INFO] [계정분석시작] [코드_10500] [명_정기예적금]
[2025-08-21 10:14:59,789] [INFO] [계정분석완료] [코드_10500] [B5_비대면예금신규(정기예금)] [G5_500000000] [상태_❌패턴불일치]
[2025-08-21 10:14:59,789] [INFO] [B열내용] [계정_10500] B1:Unnamed: 1; B4:적    요    란; B5:비대면예금신규(정기예금); B6:  [ 월         계 ]; B7:  [ 누         계 ]
[2025-08-21 10:14:59,790] [INFO] [계정분석시작] [코드_11600] [명_무형자산]
[2025-08-21 10:14:59,808] [INFO] [계정분석완료] [코드_11600] [B5_정기예금 미수이자계산(3.1%,기간91일)] [G5_3864384] [상태_❌패턴불일치]
[2025-08-21 10:14:59,809] [INFO] [B열내용] [계정_11600] B1:Unnamed: 1; B4:적    요    란; B5:정기예금 미수이자계산(3.1%,기간91일); B6:  [ 월         계 ]; B7:  [ 누         계 ]
[2025-08-21 10:14:59,809] [INFO] [계정분석시작] [코드_12000] [명_당좌자산]
[2025-08-21 10:14:59,834] [INFO] [계정분석완료] [코드_12000] [B5_전기이월] [G5_140846043] [상태_✅정확일치]
[2025-08-21 10:14:59,835] [INFO] [B열내용] [계정_12000] B1:Unnamed: 1; B4:적    요    란; B5:전기이월; B6:2021년 매입취소건 환급; B7:  [ 월         계 ]
[2025-08-21 10:14:59,835] [INFO] [계정분석시작] [코드_13100] [명_미수금]
[2025-08-21 10:14:59,849] [INFO] [계정분석완료] [코드_13100] [B5_신규사택계약금] [G5_1000000] [상태_❌패턴불일치]
[2025-08-21 10:14:59,849] [INFO] [B열내용] [계정_13100] B1:Unnamed: 1; B4:적    요    란; B5:신규사택계약금; B6:렌트카예약금－워크샵; B7:차량대여
[2025-08-21 10:14:59,849] [INFO] [계정분석시작] [코드_80200] [명_직원급여]
[2025-08-21 10:14:59,881] [INFO] [계정분석완료] [코드_80200] [B5_급여등지급] [G5_73439909] [상태_❌패턴불일치]
[2025-08-21 10:14:59,881] [INFO] [B열내용] [계정_80200] B1:Unnamed: 1; B4:적    요    란; B5:급여등지급; B6:  [ 월         계 ]; B7:  [ 누         계 ]
[2025-08-21 10:14:59,881] [INFO] [계정분석시작] [코드_81300] [명_접대비]
[2025-08-21 10:14:59,924] [INFO] [계정분석완료] [코드_81300] [B5_거래처 접대비/신용카드(법인)] [G5_11400] [상태_❌패턴불일치]
[2025-08-21 10:14:59,925] [INFO] [B열내용] [계정_81300] B1:Unnamed: 1; B4:적    요    란; B5:거래처 접대비/신용카드(법인); B6:거래처 접대비/신용카드(법인); B7:거래처 접대비/신용카드(법인)
[2025-08-21 10:14:59,925] [INFO] [계정분석시작] [코드_81600] [명_전력비]
[2025-08-21 10:14:59,963] [INFO] [계정분석완료] [코드_81600] [B5_전기요금 1 X 596,144] [G5_596144] [상태_❌패턴불일치]
[2025-08-21 10:14:59,963] [INFO] [B열내용] [계정_81600] B1:Unnamed: 1; B4:적    요    란; B5:전기요금 1 X 596,144; B6:  [ 월         계 ]; B7:  [ 누         계 ]
[2025-08-21 10:14:59,963] [INFO] [계정분석시작] [코드_81700] [명_세금과공과금]
[2025-08-21 10:14:59,994] [INFO] [계정분석완료] [코드_81700] [B5_국민연금] [G5_2054060] [상태_❌패턴불일치]
[2025-08-21 10:14:59,995] [INFO] [B열내용] [계정_81700] B1:Unnamed: 1; B4:적    요    란; B5:국민연금; B6:  [ 월         계 ]; B7:  [ 누         계 ]
[2025-08-21 10:14:59,995] [INFO] [B5패턴분석완료] [로그파일_C:\K04_cashflow_1\log\2025-08-21_101459_B5패턴분석.log]
