[2025-08-20 12:48:08,306] [INFO] [PL계정추출시작] [패턴_월별발생액중심] [계정수_5개]
[2025-08-20 12:48:08,532] [INFO] [PL시트발견] [기존시트사용]
[2025-08-20 12:48:08,532] [INFO] [계정처리시작] [코드_40000] [시트_25_손익(40000)]
[2025-08-20 12:48:08,533] [INFO] [전기이월없음] [계정_40000] [PL특성상정상]
[2025-08-20 12:48:08,545] [INFO] [월별발생액추출] [계정_40000] [월_12] [차변_6065932356] [대변_6065932356] [발생액_0]
[2025-08-20 12:48:08,550] [INFO] [계정처리완료] [코드_40000] [데이터월수_0개월]
[2025-08-20 12:48:08,560] [INFO] [계정처리시작] [코드_80200] [시트_26_직원급여(80200)]
[2025-08-20 12:48:08,564] [INFO] [전기이월없음] [계정_80200] [PL특성상정상]
[2025-08-20 12:48:08,600] [INFO] [월별발생액추출] [계정_80200] [월_2] [차변_76500230] [대변_0] [발생액_76500230]
[2025-08-20 12:48:08,626] [INFO] [월별발생액추출] [계정_80200] [월_3] [차변_86950002] [대변_0] [발생액_86950002]
[2025-08-20 12:48:08,655] [INFO] [월별발생액추출] [계정_80200] [월_4] [차변_84950002] [대변_0] [발생액_84950002]
[2025-08-20 12:48:08,688] [INFO] [월별발생액추출] [계정_80200] [월_5] [차변_84950002] [대변_0] [발생액_84950002]
[2025-08-20 12:48:08,717] [INFO] [월별발생액추출] [계정_80200] [월_6] [차변_84950002] [대변_0] [발생액_84950002]
[2025-08-20 12:48:08,748] [INFO] [월별발생액추출] [계정_80200] [월_7] [차변_84950002] [대변_0] [발생액_84950002]
[2025-08-20 12:48:08,785] [INFO] [월별발생액추출] [계정_80200] [월_8] [차변_84950002] [대변_0] [발생액_84950002]
[2025-08-20 12:48:08,819] [INFO] [월별발생액추출] [계정_80200] [월_9] [차변_83950002] [대변_0] [발생액_83950002]
[2025-08-20 12:48:08,851] [INFO] [월별발생액추출] [계정_80200] [월_10] [차변_83950002] [대변_0] [발생액_83950002]
[2025-08-20 12:48:08,889] [INFO] [월별발생액추출] [계정_80200] [월_11] [차변_73066669] [대변_0] [발생액_73066669]
[2025-08-20 12:48:08,977] [INFO] [월별발생액추출] [계정_80200] [월_12] [차변_115844979] [대변_1018451803] [발생액_-902606824]
[2025-08-20 12:48:08,990] [INFO] [계정처리완료] [코드_80200] [데이터월수_11개월]
[2025-08-20 12:48:08,990] [INFO] [계정처리시작] [코드_80800] [시트_27_퇴직급여(80800)]
[2025-08-20 12:48:08,991] [INFO] [전기이월없음] [계정_80800] [PL특성상정상]
[2025-08-20 12:48:09,022] [INFO] [월별발생액추출] [계정_80800] [월_12] [차변_89544767] [대변_102773076] [발생액_-13228309]
[2025-08-20 12:48:09,028] [INFO] [계정처리완료] [코드_80800] [데이터월수_1개월]
[2025-08-20 12:48:09,028] [INFO] [계정처리시작] [코드_81100] [시트_28_복리후생비(81100)]
[2025-08-20 12:48:09,031] [INFO] [전기이월없음] [계정_81100] [PL특성상정상]
[2025-08-20 12:48:09,918] [INFO] [월별발생액추출] [계정_81100] [월_1] [차변_5501860] [대변_0] [발생액_5501860]
[2025-08-20 12:48:11,139] [INFO] [월별발생액추출] [계정_81100] [월_2] [차변_4192298] [대변_0] [발생액_4192298]
[2025-08-20 12:48:13,505] [INFO] [월별발생액추출] [계정_81100] [월_3] [차변_5161482] [대변_0] [발생액_5161482]
[2025-08-20 12:48:17,268] [INFO] [월별발생액추출] [계정_81100] [월_4] [차변_5890460] [대변_0] [발생액_5890460]
[2025-08-20 12:48:21,111] [INFO] [월별발생액추출] [계정_81100] [월_5] [차변_5329494] [대변_0] [발생액_5329494]
[2025-08-20 12:48:25,991] [INFO] [월별발생액추출] [계정_81100] [월_6] [차변_5143407] [대변_0] [발생액_5143407]
[2025-08-20 12:48:38,056] [INFO] [월별발생액추출] [계정_81100] [월_7] [차변_6482656] [대변_0] [발생액_6482656]
[2025-08-20 12:48:44,290] [INFO] [월별발생액추출] [계정_81100] [월_8] [차변_5313481] [대변_0] [발생액_5313481]
[2025-08-20 12:48:52,730] [INFO] [월별발생액추출] [계정_81100] [월_9] [차변_5663443] [대변_0] [발생액_5663443]
[2025-08-20 12:48:55,410] [INFO] [계정처리완료] [코드_81100] [데이터월수_9개월]
[2025-08-20 12:48:55,411] [INFO] [계정처리시작] [코드_81200] [시트_29_여비교통비(81200)]
[2025-08-20 12:48:55,414] [INFO] [전기이월없음] [계정_81200] [PL특성상정상]
[2025-08-20 12:48:56,418] [INFO] [월별발생액추출] [계정_81200] [월_1] [차변_1578968] [대변_0] [발생액_1578968]
[2025-08-20 12:48:58,738] [INFO] [월별발생액추출] [계정_81200] [월_2] [차변_747788] [대변_0] [발생액_747788]
[2025-08-20 12:48:59,908] [INFO] [월별발생액추출] [계정_81200] [월_3] [차변_850560] [대변_0] [발생액_850560]
[2025-08-20 12:49:01,618] [INFO] [월별발생액추출] [계정_81200] [월_4] [차변_777655] [대변_0] [발생액_777655]
[2025-08-20 12:49:03,908] [INFO] [월별발생액추출] [계정_81200] [월_5] [차변_5276848] [대변_0] [발생액_5276848]
[2025-08-20 12:49:09,989] [INFO] [월별발생액추출] [계정_81200] [월_6] [차변_9020257] [대변_0] [발생액_9020257]
[2025-08-20 12:49:17,403] [INFO] [월별발생액추출] [계정_81200] [월_7] [차변_1248070] [대변_0] [발생액_1248070]
[2025-08-20 12:49:24,435] [INFO] [월별발생액추출] [계정_81200] [월_8] [차변_1404994] [대변_0] [발생액_1404994]
[2025-08-20 12:49:31,011] [INFO] [월별발생액추출] [계정_81200] [월_9] [차변_1195113] [대변_0] [발생액_1195113]
[2025-08-20 12:49:32,687] [INFO] [계정처리완료] [코드_81200] [데이터월수_9개월]
[2025-08-20 12:49:32,847] [INFO] [PL계정추출완료] [파일저장완료]
