=== PL 계정 패턴 상세 분석 ===
분석 시작: 2025-08-20 12:47:24

--- 40000 (25_손익(40000)) 분석 ---
전기이월 분석:
  B5: 수익에서 대체
  G5: 538344730
  전기이월 여부: False
  12월 발생액: 차변6065932356 - 대변6065932356 = 0

--- 80200 (26_직원급여(80200)) 분석 ---
전기이월 분석:
  B5: 급여등지급
  G5: 73439909
  전기이월 여부: False
  2월 발생액: 차변76500230 - 대변0 = 76500230
  3월 발생액: 차변86950002 - 대변0 = 86950002
  4월 발생액: 차변84950002 - 대변0 = 84950002
  5월 발생액: 차변84950002 - 대변0 = 84950002
  6월 발생액: 차변84950002 - 대변0 = 84950002
  7월 발생액: 차변84950002 - 대변0 = 84950002
  8월 발생액: 차변84950002 - 대변0 = 84950002
  9월 발생액: 차변83950002 - 대변0 = 83950002
  10월 발생액: 차변83950002 - 대변0 = 83950002
  11월 발생액: 차변73066669 - 대변0 = 73066669
  12월 발생액: 차변115844979 - 대변1018451803 = -902606824
  2월 상세:
    거래 건수: 1건
    월 발생액: 76500230
    첫 거래: 차변76500230 대변0
  3월 상세:
    거래 건수: 1건
    월 발생액: 86950002
    첫 거래: 차변86950002 대변0

--- 80800 (27_퇴직급여(80800)) 분석 ---
전기이월 분석:
  B5: 이민주퇴직급여
  G5: 13228309
  전기이월 여부: False
  12월 발생액: 차변89544767 - 대변102773076 = -13228309

--- 81100 (28_복리후생비(81100)) 분석 ---
전기이월 분석:
  B5: 식대
  G5: 34000
  전기이월 여부: False
  1월 발생액: 차변5501860 - 대변0 = 5501860
  2월 발생액: 차변4192298 - 대변0 = 4192298
  1월 상세:
    거래 건수: 52건
    월 발생액: 5501860
    첫 거래: 차변63637 대변0
  2월 상세:
    거래 건수: 42건
    월 발생액: 4192298
    첫 거래: 차변7273 대변0
  3월 상세:
    거래 건수: 46건
    월 발생액: None
    첫 거래: 차변27000 대변0

--- 81200 (29_여비교통비(81200)) 분석 ---
전기이월 분석:
  B5: 교통비
  G5: 15100
  전기이월 여부: False
  1월 발생액: 차변1578968 - 대변0 = 1578968
  2월 발생액: 차변747788 - 대변0 = 747788
  3월 발생액: 차변850560 - 대변0 = 850560
  1월 상세:
    거래 건수: 54건
    월 발생액: 1578968
    첫 거래: 차변15200 대변0
  2월 상세:
    거래 건수: 52건
    월 발생액: 747788
    첫 거래: 차변30600 대변0
  3월 상세:
    거래 건수: 24건
    월 발생액: 850560
    첫 거래: 차변15200 대변0

=== PL vs BS 패턴 차이점 분석 ===
BS 계정: 월말 잔액 중심 (월계 직전 거래행 G열)
PL 계정: 월별 발생액 중심 (월계행 차변-대변)
분석 완료: 5/5개 PL 계정
분석 결과 저장: ./log/PL_analysis_20250820_124735.json
로그 파일: ./log/2025-08-20_124724_PL분석.log
